<?xml version="1.0" encoding="UTF-8" ?>
<testsuite tests="2" failures="0" name="io.dropwizard.resources.CampsiteResourceTest" time="1.751" errors="0" skipped="1">
  <properties>
[...]
</properties>
  <testcase classname="io.dropwizard.resources.CampsiteResourceTest" name="testGetCampsites" time="1.471">
    <skipped/>
    <system-out>18:12:11.779 [main] DEBUG org.jboss.logging - Logging Provider: org.jboss.logging.Slf4jLoggerProvider
18:12:11.782 [main] INFO org.hibernate.validator.internal.util.Version - HV000001: Hibernate Validator 5.4.2.Final
18:12:11.799 [main] DEBUG org.hibernate.validator.internal.engine.resolver.DefaultTraversableResolver - Found javax.persistence.Persistence on classpath containing &apos;getPersistenceUtil&apos;. Assuming JPA 2 environment. Trying to instantiate JPA aware TraversableResolver
18:12:11.800 [main] DEBUG org.hibernate.validator.internal.engine.resolver.DefaultTraversableResolver - Instantiated JPA aware TraversableResolver of type org.hibernate.validator.internal.engine.resolver.JPATraversableResolver.
18:12:11.803 [main] DEBUG org.hibernate.validator.internal.engine.ConfigurationImpl - Setting custom ParameterNameProvider of type io.dropwizard.jersey.validation.JerseyParameterNameProvider
18:12:11.804 [main] DEBUG org.hibernate.validator.internal.xml.ValidationXmlParser - Trying to load META-INF/validation.xml for XML based Validator configuration.
18:12:11.805 [main] DEBUG org.hibernate.validator.internal.xml.ResourceLoaderHelper - Trying to load META-INF/validation.xml via TCCL
18:12:11.806 [main] DEBUG org.hibernate.validator.internal.xml.ResourceLoaderHelper - Trying to load META-INF/validation.xml via Hibernate Validator&apos;s class loader
18:12:11.807 [main] DEBUG org.hibernate.validator.internal.xml.ValidationXmlParser - No META-INF/validation.xml found. Using annotation based configuration only.
</system-out>
  </testcase>
  <testcase classname="io.dropwizard.resources.CampsiteResourceTest" name="testGetCampsite" time="0.28"/>
</testsuite>